<?xml version="1.0" encoding="UTF-8"?>
<!-- Generated by org.testng.reporters.JUnitReportReporter -->
<testsuite hostname="DESKTOP-LGNE5KF" failures="0" tests="15" name="Tests.ProductPurchaseTesting" time="165.138" errors="0" timestamp="2024-12-28T16:58:12 IST" skipped="0">
  <testcase classname="Tests.ProductPurchaseTesting" name="selectProductApple" time="3.596"/>
  <testcase classname="Tests.ProductPurchaseTesting" name="processCheckoutPage" time="1.637"/>
  <testcase classname="Tests.ProductPurchaseTesting" name="selectSpecificationTest" time="8.215"/>
  <testcase classname="Tests.ProductPurchaseTesting" name="selectProductApple" time="3.578"/>
  <testcase classname="Tests.ProductPurchaseTesting" name="selectSpecificationTest" time="8.231"/>
  <testcase classname="Tests.ProductPurchaseTesting" name="processCheckoutPage" time="2.319"/>
  <testcase classname="Tests.ProductPurchaseTesting" name="processCheckoutPage" time="2.851"/>
  <testcase classname="Tests.ProductPurchaseTesting" name="selectSpecificationTest" time="8.510"/>
  <testcase classname="Tests.ProductPurchaseTesting" name="searchProductName" time="51.621"/>
  <testcase classname="Tests.ProductPurchaseTesting" name="getProductDetails" time="1.748"/>
  <testcase classname="Tests.ProductPurchaseTesting" name="searchProductName" time="15.207"/>
  <testcase classname="Tests.ProductPurchaseTesting" name="getProductDetails" time="1.818"/>
  <testcase classname="Tests.ProductPurchaseTesting" name="selectProductApple" time="3.431"/>
  <testcase classname="Tests.ProductPurchaseTesting" name="getProductDetails" time="1.591"/>
  <testcase classname="Tests.ProductPurchaseTesting" name="searchProductName" time="50.785"/>
</testsuite> <!-- Tests.ProductPurchaseTesting -->
