<?xml version="1.0" encoding="UTF-8"?>
<!-- Generated by org.testng.reporters.JUnitReportReporter -->
<testsuite hostname="DESKTOP-LGNE5KF" failures="0" tests="20" name="Tests.ProductPurchaseTesting" time="168.563" errors="0" timestamp="2024-12-29T12:34:54 IST" skipped="0">
  <testcase classname="Tests.ProductPurchaseTesting" name="searchProductName" time="13.122"/>
  <testcase classname="Tests.ProductPurchaseTesting" name="searchProductName" time="51.224"/>
  <testcase classname="Tests.ProductPurchaseTesting" name="searchProductName" time="14.028"/>
  <testcase classname="Tests.ProductPurchaseTesting" name="selectProductApple" time="3.458"/>
  <testcase classname="Tests.ProductPurchaseTesting" name="selectProductApple" time="3.915"/>
  <testcase classname="Tests.ProductPurchaseTesting" name="selectSpecificationTest" time="8.227"/>
  <testcase classname="Tests.ProductPurchaseTesting" name="selectSpecificationTest" time="8.378"/>
  <testcase classname="Tests.ProductPurchaseTesting" name="getProductDetails" time="2.231"/>
  <testcase classname="Tests.ProductPurchaseTesting" name="selectSpecificationTest" time="7.798"/>
  <testcase classname="Tests.ProductPurchaseTesting" name="processCheckoutPage" time="1.863"/>
  <testcase classname="Tests.ProductPurchaseTesting" name="searchProductName" time="28.617"/>
  <testcase classname="Tests.ProductPurchaseTesting" name="processCheckoutPage" time="1.679"/>
  <testcase classname="Tests.ProductPurchaseTesting" name="getProductDetails" time="1.870"/>
  <testcase classname="Tests.ProductPurchaseTesting" name="selectProductApple" time="3.453"/>
  <testcase classname="Tests.ProductPurchaseTesting" name="processCheckoutPage" time="1.696"/>
  <testcase classname="Tests.ProductPurchaseTesting" name="getProductDetails" time="1.664"/>
  <testcase classname="Tests.ProductPurchaseTesting" name="selectProductApple" time="3.508"/>
  <testcase classname="Tests.ProductPurchaseTesting" name="getProductDetails" time="1.805"/>
  <testcase classname="Tests.ProductPurchaseTesting" name="processCheckoutPage" time="1.731"/>
  <testcase classname="Tests.ProductPurchaseTesting" name="selectSpecificationTest" time="8.296"/>
</testsuite> <!-- Tests.ProductPurchaseTesting -->
